{"total": {"lines":{"total":965,"covered":230,"skipped":0,"pct":23.83},"statements":{"total":998,"covered":242,"skipped":0,"pct":24.24},"functions":{"total":157,"covered":37,"skipped":0,"pct":23.56},"branches":{"total":761,"covered":167,"skipped":0,"pct":21.94},"branchesTrue":{"total":0,"covered":0,"skipped":0,"pct":"Unknown"}}
,"/Users/macbook/stellar/SoroTask/keeper/src/concurrency.js": {"lines":{"total":50,"covered":0,"skipped":0,"pct":0},"functions":{"total":8,"covered":0,"skipped":0,"pct":0},"statements":{"total":51,"covered":0,"skipped":0,"pct":0},"branches":{"total":26,"covered":0,"skipped":0,"pct":0}}
,"/Users/macbook/stellar/SoroTask/keeper/src/fraudDetection.js": {"lines":{"total":259,"covered":225,"skipped":0,"pct":86.87},"functions":{"total":45,"covered":37,"skipped":0,"pct":82.22},"statements":{"total":273,"covered":237,"skipped":0,"pct":86.81},"branches":{"total":231,"covered":167,"skipped":0,"pct":72.29}}
,"/Users/macbook/stellar/SoroTask/keeper/src/logger.js": {"lines":{"total":44,"covered":5,"skipped":0,"pct":11.36},"functions":{"total":27,"covered":0,"skipped":0,"pct":0},"statements":{"total":44,"covered":5,"skipped":0,"pct":11.36},"branches":{"total":26,"covered":0,"skipped":0,"pct":0}}
,"/Users/macbook/stellar/SoroTask/keeper/src/poller.js": {"lines":{"total":258,"covered":0,"skipped":0,"pct":0},"functions":{"total":22,"covered":0,"skipped":0,"pct":0},"statements":{"total":260,"covered":0,"skipped":0,"pct":0},"branches":{"total":195,"covered":0,"skipped":0,"pct":0}}
,"/Users/macbook/stellar/SoroTask/keeper/src/queue.js": {"lines":{"total":147,"covered":0,"skipped":0,"pct":0},"functions":{"total":19,"covered":0,"skipped":0,"pct":0},"statements":{"total":150,"covered":0,"skipped":0,"pct":0},"branches":{"total":108,"covered":0,"skipped":0,"pct":0}}
,"/Users/macbook/stellar/SoroTask/keeper/src/registry.js": {"lines":{"total":136,"covered":0,"skipped":0,"pct":0},"functions":{"total":23,"covered":0,"skipped":0,"pct":0},"statements":{"total":145,"covered":0,"skipped":0,"pct":0},"branches":{"total":97,"covered":0,"skipped":0,"pct":0}}
,"/Users/macbook/stellar/SoroTask/keeper/src/retry.js": {"lines":{"total":71,"covered":0,"skipped":0,"pct":0},"functions":{"total":13,"covered":0,"skipped":0,"pct":0},"statements":{"total":75,"covered":0,"skipped":0,"pct":0},"branches":{"total":78,"covered":0,"skipped":0,"pct":0}}
}
