TN:
SF:src/concurrency.js
FN:12,createRateLimiter
FN:22,(anonymous_1)
FN:82,(anonymous_2)
FN:88,(anonymous_3)
FN:89,(anonymous_4)
FN:94,(anonymous_5)
FN:101,(anonymous_6)
FN:113,createConcurrencyLimit
FNF:8
FNH:0
FNDA:0,createRateLimiter
FNDA:0,(anonymous_1)
FNDA:0,(anonymous_2)
FNDA:0,(anonymous_3)
FNDA:0,(anonymous_4)
FNDA:0,(anonymous_5)
FNDA:0,(anonymous_6)
FNDA:0,createConcurrencyLimit
DA:13,0
DA:14,0
DA:15,0
DA:16,0
DA:17,0
DA:19,0
DA:20,0
DA:22,0
DA:23,0
DA:24,0
DA:28,0
DA:29,0
DA:33,0
DA:34,0
DA:36,0
DA:37,0
DA:40,0
DA:41,0
DA:42,0
DA:43,0
DA:44,0
DA:53,0
DA:54,0
DA:58,0
DA:59,0
DA:60,0
DA:61,0
DA:65,0
DA:66,0
DA:67,0
DA:68,0
DA:72,0
DA:73,0
DA:75,0
DA:76,0
DA:79,0
DA:83,0
DA:84,0
DA:88,0
DA:89,0
DA:90,0
DA:91,0
DA:94,0
DA:95,0
DA:96,0
DA:97,0
DA:101,0
DA:107,0
DA:114,0
DA:117,0
LF:50
LH:0
BRDA:12,0,0,0
BRDA:13,1,0,0
BRDA:13,2,0,0
BRDA:13,3,0,0
BRDA:23,4,0,0
BRDA:23,4,1,0
BRDA:28,5,0,0
BRDA:28,5,1,0
BRDA:33,6,0,0
BRDA:33,6,1,0
BRDA:36,7,0,0
BRDA:36,7,1,0
BRDA:40,8,0,0
BRDA:40,8,1,0
BRDA:41,9,0,0
BRDA:41,9,1,0
BRDA:43,10,0,0
BRDA:43,10,1,0
BRDA:53,11,0,0
BRDA:53,11,1,0
BRDA:65,12,0,0
BRDA:65,12,1,0
BRDA:67,13,0,0
BRDA:67,13,1,0
BRDA:75,14,0,0
BRDA:75,14,1,0
BRF:26
BRH:0
end_of_record
TN:
SF:src/fraudDetection.js
FN:21,parseInteger
FN:26,clampNonNegative
FN:30,median
FN:35,(anonymous_3)
FN:42,safeString
FN:50,(anonymous_5)
FN:56,(anonymous_6)
FN:129,(anonymous_7)
FN:138,(anonymous_8)
FN:146,(anonymous_9)
FN:154,(anonymous_10)
FN:184,(anonymous_11)
FN:197,(anonymous_12)
FN:249,(anonymous_13)
FN:253,(anonymous_14)
FN:273,(anonymous_15)
FN:296,(anonymous_16)
FN:323,(anonymous_17)
FN:344,(anonymous_18)
FN:356,(anonymous_19)
FN:362,(anonymous_20)
FN:365,(anonymous_21)
FN:368,(anonymous_22)
FN:369,(anonymous_23)
FN:370,(anonymous_24)
FN:371,(anonymous_25)
FN:371,(anonymous_26)
FN:372,(anonymous_27)
FN:372,(anonymous_28)
FN:373,(anonymous_29)
FN:373,(anonymous_30)
FN:376,(anonymous_31)
FN:380,(anonymous_32)
FN:381,(anonymous_33)
FN:385,(anonymous_34)
FN:386,(anonymous_35)
FN:403,(anonymous_36)
FN:412,(anonymous_37)
FN:413,(anonymous_38)
FN:462,(anonymous_39)
FN:489,(anonymous_40)
FN:548,(anonymous_41)
FN:573,(anonymous_42)
FN:618,(anonymous_43)
FN:655,(anonymous_44)
FNF:45
FNH:37
FNDA:46,parseInteger
FNDA:10,clampNonNegative
FNDA:12,median
FNDA:3,(anonymous_3)
FNDA:50,safeString
FNDA:6,(anonymous_5)
FNDA:0,(anonymous_6)
FNDA:30,(anonymous_7)
FNDA:8,(anonymous_8)
FNDA:2,(anonymous_9)
FNDA:4,(anonymous_10)
FNDA:17,(anonymous_11)
FNDA:7,(anonymous_12)
FNDA:0,(anonymous_13)
FNDA:10,(anonymous_14)
FNDA:0,(anonymous_15)
FNDA:10,(anonymous_16)
FNDA:0,(anonymous_17)
FNDA:10,(anonymous_18)
FNDA:10,(anonymous_19)
FNDA:13,(anonymous_20)
FNDA:13,(anonymous_21)
FNDA:13,(anonymous_22)
FNDA:12,(anonymous_23)
FNDA:13,(anonymous_24)
FNDA:9,(anonymous_25)
FNDA:9,(anonymous_26)
FNDA:12,(anonymous_27)
FNDA:12,(anonymous_28)
FNDA:13,(anonymous_29)
FNDA:13,(anonymous_30)
FNDA:13,(anonymous_31)
FNDA:0,(anonymous_32)
FNDA:0,(anonymous_33)
FNDA:13,(anonymous_34)
FNDA:13,(anonymous_35)
FNDA:9,(anonymous_36)
FNDA:13,(anonymous_37)
FNDA:0,(anonymous_38)
FNDA:5,(anonymous_39)
FNDA:5,(anonymous_40)
FNDA:4,(anonymous_41)
FNDA:0,(anonymous_42)
FNDA:1,(anonymous_43)
FNDA:17,(anonymous_44)
DA:1,1
DA:2,1
DA:4,1
DA:5,1
DA:6,1
DA:7,1
DA:8,1
DA:9,1
DA:10,1
DA:11,1
DA:12,1
DA:13,1
DA:14,1
DA:15,1
DA:16,1
DA:17,1
DA:18,1
DA:19,1
DA:22,46
DA:23,46
DA:27,10
DA:31,12
DA:32,2
DA:35,10
DA:36,10
DA:37,10
DA:43,50
DA:44,48
DA:46,2
DA:51,6
DA:53,6
DA:54,6
DA:55,6
DA:56,6
DA:58,6
DA:60,6
DA:63,6
DA:66,6
DA:69,6
DA:72,6
DA:75,6
DA:78,6
DA:81,6
DA:84,6
DA:87,6
DA:90,6
DA:93,6
DA:96,6
DA:99,6
DA:102,6
DA:105,6
DA:109,6
DA:110,6
DA:111,6
DA:112,6
DA:113,6
DA:114,6
DA:116,6
DA:130,30
DA:131,30
DA:132,30
DA:134,0
DA:139,8
DA:147,2
DA:155,4
DA:156,4
DA:158,4
DA:185,17
DA:186,10
DA:189,7
DA:190,7
DA:191,7
DA:193,7
DA:198,7
DA:199,3
DA:202,4
DA:203,4
DA:204,4
DA:206,4
DA:207,4
DA:208,4
DA:210,0
DA:214,4
DA:216,4
DA:217,4
DA:218,4
DA:220,1
DA:226,1
DA:227,1
DA:228,0
DA:229,0
DA:231,1
DA:232,1
DA:233,1
DA:235,1
DA:239,1
DA:250,0
DA:254,10
DA:255,10
DA:256,10
DA:257,10
DA:258,10
DA:259,10
DA:262,10
DA:263,10
DA:265,10
DA:266,5
DA:267,5
DA:268,5
DA:269,5
DA:272,10
DA:273,10
DA:274,0
DA:280,10
DA:282,0
DA:286,0
DA:297,10
DA:298,10
DA:301,10
DA:302,10
DA:306,10
DA:324,0
DA:325,0
DA:335,0
DA:336,0
DA:337,0
DA:341,0
DA:345,10
DA:346,10
DA:347,10
DA:348,0
DA:350,10
DA:351,2
DA:357,10
DA:358,10
DA:359,10
DA:361,10
DA:362,13
DA:364,10
DA:365,13
DA:368,13
DA:369,12
DA:370,13
DA:371,10
DA:372,12
DA:373,13
DA:374,10
DA:375,10
DA:376,13
DA:379,10
DA:380,0
DA:381,0
DA:383,10
DA:385,13
DA:386,13
DA:389,10
DA:390,10
DA:391,10
DA:393,10
DA:394,4
DA:395,4
DA:398,10
DA:399,1
DA:400,1
DA:403,10
DA:404,10
DA:408,0
DA:409,0
DA:412,13
DA:413,10
DA:414,10
DA:418,5
DA:419,5
DA:422,10
DA:426,0
DA:427,0
DA:430,10
DA:431,1
DA:432,1
DA:433,0
DA:434,0
DA:438,10
DA:439,5
DA:442,5
DA:443,1
DA:446,10
DA:463,5
DA:469,5
DA:490,5
DA:491,5
DA:492,5
DA:493,0
DA:494,0
DA:495,0
DA:497,0
DA:502,0
DA:505,5
DA:506,0
DA:507,0
DA:512,5
DA:518,5
DA:519,5
DA:523,5
DA:524,0
DA:526,5
DA:527,5
DA:528,5
DA:530,5
DA:531,5
DA:543,5
DA:544,5
DA:545,5
DA:549,4
DA:555,4
DA:556,2
DA:561,2
DA:562,2
DA:563,2
DA:565,2
DA:566,2
DA:569,2
DA:572,2
DA:573,0
DA:576,2
DA:577,2
DA:587,2
DA:588,1
DA:591,1
DA:592,1
DA:593,1
DA:595,1
DA:596,1
DA:597,1
DA:598,1
DA:603,1
DA:604,1
DA:606,1
DA:610,1
DA:612,2
DA:613,2
DA:619,1
DA:627,1
DA:628,1
DA:629,0
DA:632,1
DA:633,1
DA:634,1
DA:637,1
DA:642,1
DA:643,1
DA:651,1
DA:652,1
DA:656,17
DA:657,0
DA:660,17
DA:661,17
DA:668,17
DA:669,17
DA:674,1
LF:259
LH:225
BRDA:23,0,0,0
BRDA:23,0,1,46
BRDA:26,1,0,0
BRDA:27,2,0,10
BRDA:27,2,1,0
BRDA:27,3,0,10
BRDA:27,3,1,10
BRDA:31,4,0,2
BRDA:31,4,1,10
BRDA:37,5,0,3
BRDA:37,5,1,7
BRDA:43,6,0,48
BRDA:43,6,1,2
BRDA:43,7,0,50
BRDA:43,7,1,50
BRDA:50,8,0,0
BRDA:53,9,0,6
BRDA:53,9,1,6
BRDA:54,10,0,6
BRDA:54,10,1,0
BRDA:55,11,0,6
BRDA:55,11,1,0
BRDA:56,12,0,6
BRDA:56,12,1,0
BRDA:59,13,0,6
BRDA:59,13,1,4
BRDA:59,13,2,4
BRDA:61,14,0,6
BRDA:61,14,1,5
BRDA:64,15,0,6
BRDA:64,15,1,1
BRDA:67,16,0,6
BRDA:67,16,1,1
BRDA:70,17,0,6
BRDA:70,17,1,1
BRDA:73,18,0,6
BRDA:73,18,1,6
BRDA:74,19,0,6
BRDA:74,19,1,6
BRDA:76,20,0,6
BRDA:76,20,1,6
BRDA:79,21,0,6
BRDA:79,21,1,2
BRDA:80,22,0,2
BRDA:80,22,1,2
BRDA:82,23,0,6
BRDA:82,23,1,1
BRDA:85,24,0,6
BRDA:85,24,1,1
BRDA:88,25,0,6
BRDA:88,25,1,1
BRDA:91,26,0,6
BRDA:91,26,1,1
BRDA:94,27,0,6
BRDA:94,27,1,6
BRDA:97,28,0,6
BRDA:97,28,1,6
BRDA:100,29,0,6
BRDA:100,29,1,4
BRDA:103,30,0,6
BRDA:103,30,1,6
BRDA:106,31,0,6
BRDA:106,31,1,6
BRDA:131,32,0,30
BRDA:131,32,1,0
BRDA:132,33,0,30
BRDA:132,33,1,0
BRDA:138,34,0,0
BRDA:141,35,0,8
BRDA:141,35,1,8
BRDA:142,36,0,8
BRDA:142,36,1,0
BRDA:146,37,0,0
BRDA:149,38,0,2
BRDA:149,38,1,2
BRDA:150,39,0,2
BRDA:150,39,1,0
BRDA:185,40,0,10
BRDA:185,40,1,7
BRDA:198,41,0,3
BRDA:198,41,1,4
BRDA:207,42,0,4
BRDA:207,42,1,0
BRDA:207,43,0,4
BRDA:207,43,1,3
BRDA:227,44,0,0
BRDA:227,44,1,1
BRDA:232,45,0,1
BRDA:232,45,1,0
BRDA:232,46,0,1
BRDA:232,46,1,1
BRDA:237,47,0,1
BRDA:237,47,1,0
BRDA:242,48,0,1
BRDA:242,48,1,0
BRDA:258,49,0,10
BRDA:258,49,1,0
BRDA:258,50,0,10
BRDA:258,50,1,10
BRDA:265,51,0,5
BRDA:265,51,1,5
BRDA:298,52,0,0
BRDA:298,52,1,10
BRDA:298,53,0,10
BRDA:298,53,1,10
BRDA:301,54,0,10
BRDA:301,54,1,2
BRDA:302,55,0,0
BRDA:302,55,1,10
BRDA:308,56,0,10
BRDA:308,56,1,0
BRDA:309,57,0,10
BRDA:309,57,1,0
BRDA:317,58,0,0
BRDA:317,58,1,10
BRDA:317,59,0,10
BRDA:317,59,1,0
BRDA:336,60,0,0
BRDA:336,60,1,0
BRDA:336,61,0,0
BRDA:336,61,1,0
BRDA:350,62,0,12
BRDA:350,62,1,12
BRDA:370,63,0,13
BRDA:370,63,1,12
BRDA:376,64,0,13
BRDA:376,64,1,13
BRDA:393,65,0,4
BRDA:393,65,1,6
BRDA:398,66,0,1
BRDA:398,66,1,9
BRDA:404,67,0,0
BRDA:404,67,1,10
BRDA:405,68,0,10
BRDA:405,68,1,8
BRDA:414,69,0,5
BRDA:414,69,1,5
BRDA:415,70,0,10
BRDA:415,70,1,5
BRDA:422,71,0,0
BRDA:422,71,1,10
BRDA:423,72,0,10
BRDA:423,72,1,0
BRDA:430,73,0,1
BRDA:430,73,1,9
BRDA:430,74,0,10
BRDA:430,74,1,1
BRDA:432,75,0,0
BRDA:432,75,1,1
BRDA:438,76,0,5
BRDA:438,76,1,5
BRDA:438,77,0,10
BRDA:438,77,1,6
BRDA:439,78,0,5
BRDA:439,78,1,0
BRDA:439,79,0,5
BRDA:439,79,1,1
BRDA:442,80,0,1
BRDA:442,80,1,4
BRDA:449,81,0,10
BRDA:449,81,1,6
BRDA:464,82,0,5
BRDA:464,82,1,0
BRDA:470,83,0,5
BRDA:470,83,1,0
BRDA:477,84,0,5
BRDA:477,84,1,0
BRDA:492,85,0,0
BRDA:492,85,1,5
BRDA:492,86,0,5
BRDA:492,86,1,0
BRDA:494,87,0,0
BRDA:494,87,1,0
BRDA:494,88,0,0
BRDA:494,88,1,0
BRDA:505,89,0,0
BRDA:505,89,1,5
BRDA:527,90,0,5
BRDA:527,90,1,0
BRDA:527,91,0,5
BRDA:527,91,1,5
BRDA:530,92,0,5
BRDA:530,92,1,0
BRDA:530,93,0,5
BRDA:530,93,1,5
BRDA:555,94,0,2
BRDA:555,94,1,2
BRDA:562,95,0,2
BRDA:562,95,1,0
BRDA:562,96,0,2
BRDA:562,96,1,2
BRDA:569,97,0,2
BRDA:569,97,1,0
BRDA:572,98,0,2
BRDA:572,98,1,0
BRDA:584,99,0,2
BRDA:584,99,1,0
BRDA:587,100,0,1
BRDA:587,100,1,1
BRDA:592,101,0,1
BRDA:592,101,1,0
BRDA:592,102,0,1
BRDA:592,102,1,1
BRDA:608,103,0,1
BRDA:608,103,1,0
BRDA:612,104,0,2
BRDA:612,104,1,0
BRDA:618,105,0,0
BRDA:621,106,0,1
BRDA:621,106,1,0
BRDA:622,107,0,1
BRDA:622,107,1,0
BRDA:623,108,0,1
BRDA:623,108,1,0
BRDA:623,108,2,0
BRDA:624,109,0,1
BRDA:624,109,1,0
BRDA:633,110,0,1
BRDA:633,110,1,0
BRDA:633,111,0,1
BRDA:633,111,1,1
BRDA:642,112,0,1
BRDA:642,112,1,0
BRDA:642,113,0,1
BRDA:642,113,1,1
BRDA:656,114,0,0
BRDA:656,114,1,17
BRDA:660,115,0,17
BRDA:660,115,1,0
BRDA:668,116,0,17
BRDA:668,116,1,0
BRF:231
BRH:167
end_of_record
TN:
SF:src/logger.js
FN:34,normalizeLogLevel
FN:38,shouldUsePrettyTransport
FN:48,createBaseLogger
FN:60,(anonymous_3)
FN:67,(anonymous_4)
FN:72,(anonymous_5)
FN:104,getBaseLogger
FN:122,createLogger
FN:130,(anonymous_8)
FN:133,(anonymous_9)
FN:136,(anonymous_10)
FN:139,(anonymous_11)
FN:142,(anonymous_12)
FN:145,(anonymous_13)
FN:151,(anonymous_14)
FN:162,createTracedLogger
FN:164,(anonymous_16)
FN:167,(anonymous_17)
FN:170,(anonymous_18)
FN:173,(anonymous_19)
FN:176,(anonymous_20)
FN:179,(anonymous_21)
FN:183,(anonymous_22)
FN:195,createChildLogger
FN:205,reinitializeLogger
FN:214,getLogLevel
FN:222,setLogLevel
FNF:27
FNH:0
FNDA:0,normalizeLogLevel
FNDA:0,shouldUsePrettyTransport
FNDA:0,createBaseLogger
FNDA:0,(anonymous_3)
FNDA:0,(anonymous_4)
FNDA:0,(anonymous_5)
FNDA:0,getBaseLogger
FNDA:0,createLogger
FNDA:0,(anonymous_8)
FNDA:0,(anonymous_9)
FNDA:0,(anonymous_10)
FNDA:0,(anonymous_11)
FNDA:0,(anonymous_12)
FNDA:0,(anonymous_13)
FNDA:0,(anonymous_14)
FNDA:0,createTracedLogger
FNDA:0,(anonymous_16)
FNDA:0,(anonymous_17)
FNDA:0,(anonymous_18)
FNDA:0,(anonymous_19)
FNDA:0,(anonymous_20)
FNDA:0,(anonymous_21)
FNDA:0,(anonymous_22)
FNDA:0,createChildLogger
FNDA:0,reinitializeLogger
FNDA:0,getLogLevel
FNDA:0,setLogLevel
DA:14,1
DA:20,1
DA:32,1
DA:35,0
DA:39,0
DA:49,0
DA:61,0
DA:68,0
DA:72,0
DA:80,0
DA:81,0
DA:92,0
DA:93,0
DA:94,0
DA:98,1
DA:105,0
DA:106,0
DA:108,0
DA:123,0
DA:126,0
DA:129,0
DA:131,0
DA:134,0
DA:137,0
DA:140,0
DA:143,0
DA:146,0
DA:152,0
DA:153,0
DA:163,0
DA:165,0
DA:168,0
DA:171,0
DA:174,0
DA:177,0
DA:180,0
DA:184,0
DA:185,0
DA:196,0
DA:206,0
DA:207,0
DA:215,0
DA:223,0
DA:227,1
LF:44
LH:5
BRDA:35,0,0,0
BRDA:35,0,1,0
BRDA:48,1,0,0
BRDA:80,2,0,0
BRDA:80,2,1,0
BRDA:81,3,0,0
BRDA:81,3,1,0
BRDA:92,4,0,0
BRDA:92,4,1,0
BRDA:93,5,0,0
BRDA:93,5,1,0
BRDA:105,6,0,0
BRDA:105,6,1,0
BRDA:130,7,0,0
BRDA:133,8,0,0
BRDA:136,9,0,0
BRDA:139,10,0,0
BRDA:142,11,0,0
BRDA:145,12,0,0
BRDA:164,13,0,0
BRDA:167,14,0,0
BRDA:170,15,0,0
BRDA:173,16,0,0
BRDA:176,17,0,0
BRDA:179,18,0,0
BRDA:205,19,0,0
BRF:26
BRH:0
end_of_record
TN:
SF:src/poller.js
FN:15,(anonymous_0)
FN:64,(anonymous_1)
FN:111,(anonymous_2)
FN:183,(anonymous_3)
FN:184,(anonymous_4)
FN:202,(anonymous_5)
FN:243,(anonymous_6)
FN:245,(anonymous_7)
FN:246,(anonymous_8)
FN:301,(anonymous_9)
FN:455,(anonymous_10)
FN:510,(anonymous_11)
FN:538,(anonymous_12)
FN:587,(anonymous_13)
FN:602,(anonymous_14)
FN:630,(anonymous_15)
FN:652,(anonymous_16)
FN:681,(anonymous_17)
FN:685,(anonymous_18)
FN:696,(anonymous_19)
FN:706,(anonymous_20)
FN:716,(anonymous_21)
FNF:22
FNH:0
FNDA:0,(anonymous_0)
FNDA:0,(anonymous_1)
FNDA:0,(anonymous_2)
FNDA:0,(anonymous_3)
FNDA:0,(anonymous_4)
FNDA:0,(anonymous_5)
FNDA:0,(anonymous_6)
FNDA:0,(anonymous_7)
FNDA:0,(anonymous_8)
FNDA:0,(anonymous_9)
FNDA:0,(anonymous_10)
FNDA:0,(anonymous_11)
FNDA:0,(anonymous_12)
FNDA:0,(anonymous_13)
FNDA:0,(anonymous_14)
FNDA:0,(anonymous_15)
FNDA:0,(anonymous_16)
FNDA:0,(anonymous_17)
FNDA:0,(anonymous_18)
FNDA:0,(anonymous_19)
FNDA:0,(anonymous_20)
FNDA:0,(anonymous_21)
DA:1,0
DA:2,0
DA:3,0
DA:4,0
DA:5,0
DA:6,0
DA:7,0
DA:16,0
DA:17,0
DA:20,0
DA:23,0
DA:26,0
DA:27,0
DA:28,0
DA:29,0
DA:33,0
DA:39,0
DA:43,0
DA:49,0
DA:53,0
DA:59,0
DA:65,0
DA:66,0
DA:72,0
DA:83,0
DA:95,0
DA:101,0
DA:112,0
DA:113,0
DA:115,0
DA:116,0
DA:117,0
DA:118,0
DA:119,0
DA:120,0
DA:121,0
DA:122,0
DA:123,0
DA:125,0
DA:126,0
DA:128,0
DA:129,0
DA:130,0
DA:140,0
DA:143,0
DA:145,0
DA:146,0
DA:150,0
DA:153,0
DA:154,0
DA:156,0
DA:157,0
DA:158,0
DA:165,0
DA:166,0
DA:167,0
DA:169,0
DA:170,0
DA:182,0
DA:183,0
DA:184,0
DA:185,0
DA:186,0
DA:187,0
DA:188,0
DA:189,0
DA:193,0
DA:196,0
DA:197,0
DA:198,0
DA:199,0
DA:200,0
DA:202,0
DA:203,0
DA:204,0
DA:206,0
DA:207,0
DA:208,0
DA:209,0
DA:210,0
DA:212,0
DA:213,0
DA:214,0
DA:215,0
DA:218,0
DA:219,0
DA:222,0
DA:223,0
DA:224,0
DA:225,0
DA:228,0
DA:229,0
DA:230,0
DA:233,0
DA:234,0
DA:235,0
DA:236,0
DA:240,0
DA:242,0
DA:243,0
DA:245,0
DA:246,0
DA:248,0
DA:259,0
DA:260,0
DA:261,0
DA:265,0
DA:275,0
DA:277,0
DA:280,0
DA:281,0
DA:282,0
DA:283,0
DA:288,0
DA:302,0
DA:303,0
DA:307,0
DA:309,0
DA:312,0
DA:313,0
DA:316,0
DA:319,0
DA:320,0
DA:324,0
DA:325,0
DA:326,0
DA:330,0
DA:331,0
DA:335,0
DA:336,0
DA:337,0
DA:338,0
DA:342,0
DA:343,0
DA:344,0
DA:348,0
DA:349,0
DA:350,0
DA:351,0
DA:354,0
DA:355,0
DA:356,0
DA:358,0
DA:359,0
DA:360,0
DA:362,0
DA:365,0
DA:367,0
DA:368,0
DA:369,0
DA:371,0
DA:372,0
DA:382,0
DA:394,0
DA:395,0
DA:396,0
DA:407,0
DA:408,0
DA:418,0
DA:419,0
DA:428,0
DA:443,0
DA:444,0
DA:456,0
DA:457,0
DA:460,0
DA:466,0
DA:471,0
DA:479,0
DA:481,0
DA:482,0
DA:485,0
DA:487,0
DA:488,0
DA:492,0
DA:493,0
DA:497,0
DA:498,0
DA:500,0
DA:511,0
DA:513,0
DA:514,0
DA:518,0
DA:519,0
DA:520,0
DA:521,0
DA:522,0
DA:525,0
DA:529,0
DA:530,0
DA:531,0
DA:534,0
DA:535,0
DA:538,0
DA:539,0
DA:540,0
DA:542,0
DA:544,0
DA:545,0
DA:547,0
DA:548,0
DA:550,0
DA:551,0
DA:553,0
DA:554,0
DA:556,0
DA:557,0
DA:559,0
DA:560,0
DA:562,0
DA:563,0
DA:565,0
DA:566,0
DA:568,0
DA:569,0
DA:573,0
DA:576,0
DA:577,0
DA:588,0
DA:589,0
DA:603,0
DA:611,0
DA:612,0
DA:613,0
DA:615,0
DA:616,0
DA:617,0
DA:618,0
DA:620,0
DA:621,0
DA:622,0
DA:627,0
DA:631,0
DA:632,0
DA:634,0
DA:635,0
DA:637,0
DA:638,0
DA:640,0
DA:653,0
DA:654,0
DA:657,0
DA:658,0
DA:660,0
DA:661,0
DA:669,0
DA:671,0
DA:672,0
DA:682,0
DA:686,0
DA:697,0
DA:698,0
DA:707,0
DA:717,0
DA:718,0
DA:719,0
DA:721,0
DA:726,0
LF:258
LH:0
BRDA:15,0,0,0
BRDA:20,1,0,0
BRDA:20,1,1,0
BRDA:23,2,0,0
BRDA:23,2,1,0
BRDA:27,3,0,0
BRDA:27,3,1,0
BRDA:28,4,0,0
BRDA:28,4,1,0
BRDA:30,5,0,0
BRDA:30,5,1,0
BRDA:30,5,2,0
BRDA:34,6,0,0
BRDA:34,6,1,0
BRDA:34,6,2,0
BRDA:40,7,0,0
BRDA:40,7,1,0
BRDA:40,7,2,0
BRDA:44,8,0,0
BRDA:44,8,1,0
BRDA:44,8,2,0
BRDA:50,9,0,0
BRDA:50,9,1,0
BRDA:50,10,0,0
BRDA:50,10,1,0
BRDA:54,11,0,0
BRDA:54,11,1,0
BRDA:54,12,0,0
BRDA:54,12,1,0
BRDA:65,13,0,0
BRDA:65,13,1,0
BRDA:96,14,0,0
BRDA:96,14,1,0
BRDA:97,15,0,0
BRDA:97,15,1,0
BRDA:111,16,0,0
BRDA:128,17,0,0
BRDA:128,17,1,0
BRDA:128,18,0,0
BRDA:128,18,1,0
BRDA:156,19,0,0
BRDA:156,19,1,0
BRDA:157,20,0,0
BRDA:157,20,1,0
BRDA:157,20,2,0
BRDA:161,21,0,0
BRDA:161,21,1,0
BRDA:162,22,0,0
BRDA:162,22,1,0
BRDA:169,23,0,0
BRDA:169,23,1,0
BRDA:182,24,0,0
BRDA:182,24,1,0
BRDA:182,24,2,0
BRDA:203,25,0,0
BRDA:203,25,1,0
BRDA:206,26,0,0
BRDA:206,26,1,0
BRDA:209,27,0,0
BRDA:209,27,1,0
BRDA:212,28,0,0
BRDA:212,28,1,0
BRDA:214,29,0,0
BRDA:214,29,1,0
BRDA:218,30,0,0
BRDA:218,30,1,0
BRDA:222,31,0,0
BRDA:222,31,1,0
BRDA:224,32,0,0
BRDA:224,32,1,0
BRDA:228,33,0,0
BRDA:228,33,1,0
BRDA:228,34,0,0
BRDA:228,34,1,0
BRDA:234,35,0,0
BRDA:234,35,1,0
BRDA:236,36,0,0
BRDA:236,36,1,0
BRDA:242,37,0,0
BRDA:242,37,1,0
BRDA:253,38,0,0
BRDA:253,38,1,0
BRDA:259,39,0,0
BRDA:259,39,1,0
BRDA:270,40,0,0
BRDA:270,40,1,0
BRDA:270,41,0,0
BRDA:270,41,1,0
BRDA:282,42,0,0
BRDA:282,42,1,0
BRDA:301,43,0,0
BRDA:303,44,0,0
BRDA:303,44,1,0
BRDA:312,45,0,0
BRDA:312,45,1,0
BRDA:319,46,0,0
BRDA:319,46,1,0
BRDA:324,47,0,0
BRDA:324,47,1,0
BRDA:330,48,0,0
BRDA:330,48,1,0
BRDA:331,49,0,0
BRDA:331,49,1,0
BRDA:335,50,0,0
BRDA:335,50,1,0
BRDA:336,51,0,0
BRDA:336,51,1,0
BRDA:342,52,0,0
BRDA:342,52,1,0
BRDA:350,53,0,0
BRDA:350,53,1,0
BRDA:362,54,0,0
BRDA:362,54,1,0
BRDA:367,55,0,0
BRDA:367,55,1,0
BRDA:371,56,0,0
BRDA:371,56,1,0
BRDA:394,57,0,0
BRDA:394,57,1,0
BRDA:407,58,0,0
BRDA:407,58,1,0
BRDA:407,59,0,0
BRDA:407,59,1,0
BRDA:418,60,0,0
BRDA:418,60,1,0
BRDA:424,61,0,0
BRDA:424,61,1,0
BRDA:432,62,0,0
BRDA:432,62,1,0
BRDA:435,63,0,0
BRDA:435,63,1,0
BRDA:473,64,0,0
BRDA:473,64,1,0
BRDA:481,65,0,0
BRDA:481,65,1,0
BRDA:481,66,0,0
BRDA:481,66,1,0
BRDA:487,67,0,0
BRDA:487,67,1,0
BRDA:497,68,0,0
BRDA:497,68,1,0
BRDA:497,69,0,0
BRDA:497,69,1,0
BRDA:513,70,0,0
BRDA:513,70,1,0
BRDA:519,71,0,0
BRDA:519,71,1,0
BRDA:521,72,0,0
BRDA:521,72,1,0
BRDA:529,73,0,0
BRDA:529,73,1,0
BRDA:542,74,0,0
BRDA:542,74,1,0
BRDA:542,74,2,0
BRDA:542,74,3,0
BRDA:542,74,4,0
BRDA:542,74,5,0
BRDA:542,74,6,0
BRDA:542,74,7,0
BRDA:542,74,8,0
BRDA:588,75,0,0
BRDA:588,75,1,0
BRDA:602,76,0,0
BRDA:612,77,0,0
BRDA:612,77,1,0
BRDA:612,78,0,0
BRDA:612,78,1,0
BRDA:615,79,0,0
BRDA:615,79,1,0
BRDA:615,80,0,0
BRDA:615,80,1,0
BRDA:617,81,0,0
BRDA:617,81,1,0
BRDA:621,82,0,0
BRDA:621,82,1,0
BRDA:627,83,0,0
BRDA:627,83,1,0
BRDA:631,84,0,0
BRDA:631,84,1,0
BRDA:631,85,0,0
BRDA:631,85,1,0
BRDA:634,86,0,0
BRDA:634,86,1,0
BRDA:637,87,0,0
BRDA:637,87,1,0
BRDA:653,88,0,0
BRDA:653,88,1,0
BRDA:660,89,0,0
BRDA:660,89,1,0
BRDA:660,90,0,0
BRDA:660,90,1,0
BRDA:697,91,0,0
BRDA:697,91,1,0
BRDA:717,92,0,0
BRDA:717,92,1,0
BRF:195
BRH:0
end_of_record
TN:
SF:src/queue.js
FN:15,(anonymous_0)
FN:48,(anonymous_1)
FN:68,(anonymous_2)
FN:77,(anonymous_3)
FN:84,(anonymous_4)
FN:92,(anonymous_5)
FN:100,(anonymous_6)
FN:112,(anonymous_7)
FN:113,(anonymous_8)
FN:251,(anonymous_9)
FN:256,(anonymous_10)
FN:274,(anonymous_11)
FN:279,(anonymous_12)
FN:284,(anonymous_13)
FN:285,(anonymous_14)
FN:293,(anonymous_15)
FN:317,(anonymous_16)
FN:328,(anonymous_17)
FN:341,(anonymous_18)
FNF:19
FNH:0
FNDA:0,(anonymous_0)
FNDA:0,(anonymous_1)
FNDA:0,(anonymous_2)
FNDA:0,(anonymous_3)
FNDA:0,(anonymous_4)
FNDA:0,(anonymous_5)
FNDA:0,(anonymous_6)
FNDA:0,(anonymous_7)
FNDA:0,(anonymous_8)
FNDA:0,(anonymous_9)
FNDA:0,(anonymous_10)
FNDA:0,(anonymous_11)
FNDA:0,(anonymous_12)
FNDA:0,(anonymous_13)
FNDA:0,(anonymous_14)
FNDA:0,(anonymous_15)
FNDA:0,(anonymous_16)
FNDA:0,(anonymous_17)
FNDA:0,(anonymous_18)
DA:1,0
DA:2,0
DA:3,0
DA:4,0
DA:5,0
DA:7,0
DA:8,0
DA:16,0
DA:18,0
DA:19,0
DA:20,0
DA:23,0
DA:25,0
DA:29,0
DA:33,0
DA:38,0
DA:43,0
DA:49,0
DA:50,0
DA:55,0
DA:57,0
DA:58,0
DA:59,0
DA:60,0
DA:62,0
DA:63,0
DA:64,0
DA:65,0
DA:69,0
DA:70,0
DA:78,0
DA:79,0
DA:82,0
DA:83,0
DA:84,0
DA:85,0
DA:93,0
DA:94,0
DA:97,0
DA:100,0
DA:101,0
DA:102,0
DA:105,0
DA:107,0
DA:108,0
DA:111,0
DA:112,0
DA:113,0
DA:114,0
DA:115,0
DA:118,0
DA:119,0
DA:120,0
DA:121,0
DA:123,0
DA:124,0
DA:125,0
DA:127,0
DA:128,0
DA:129,0
DA:131,0
DA:136,0
DA:140,0
DA:141,0
DA:143,0
DA:145,0
DA:147,0
DA:148,0
DA:149,0
DA:150,0
DA:151,0
DA:152,0
DA:153,0
DA:154,0
DA:158,0
DA:160,0
DA:162,0
DA:163,0
DA:166,0
DA:167,0
DA:170,0
DA:171,0
DA:176,0
DA:178,0
DA:179,0
DA:181,0
DA:184,0
DA:186,0
DA:187,0
DA:195,0
DA:196,0
DA:199,0
DA:200,0
DA:206,0
DA:208,0
DA:209,0
DA:210,0
DA:212,0
DA:215,0
DA:220,0
DA:222,0
DA:223,0
DA:225,0
DA:229,0
DA:230,0
DA:231,0
DA:234,0
DA:241,0
DA:242,0
DA:243,0
DA:244,0
DA:252,0
DA:256,0
DA:258,0
DA:259,0
DA:261,0
DA:267,0
DA:268,0
DA:269,0
DA:271,0
DA:273,0
DA:275,0
DA:276,0
DA:278,0
DA:279,0
DA:280,0
DA:282,0
DA:285,0
DA:286,0
DA:290,0
DA:293,0
DA:297,0
DA:298,0
DA:307,0
DA:308,0
DA:310,0
DA:313,0
DA:314,0
DA:318,0
DA:329,0
DA:330,0
DA:332,0
DA:334,0
DA:335,0
DA:338,0
DA:342,0
DA:348,0
LF:147
LH:0
BRDA:15,0,0,0
BRDA:18,1,0,0
BRDA:18,1,1,0
BRDA:20,2,0,0
BRDA:20,2,1,0
BRDA:25,3,0,0
BRDA:25,3,1,0
BRDA:25,3,2,0
BRDA:29,4,0,0
BRDA:29,4,1,0
BRDA:34,5,0,0
BRDA:34,5,1,0
BRDA:34,5,2,0
BRDA:39,6,0,0
BRDA:39,6,1,0
BRDA:39,6,2,0
BRDA:49,7,0,0
BRDA:49,7,1,0
BRDA:69,8,0,0
BRDA:69,8,1,0
BRDA:69,9,0,0
BRDA:69,9,1,0
BRDA:77,10,0,0
BRDA:77,11,0,0
BRDA:77,11,1,0
BRDA:78,12,0,0
BRDA:78,12,1,0
BRDA:78,13,0,0
BRDA:78,13,1,0
BRDA:92,14,0,0
BRDA:93,15,0,0
BRDA:93,15,1,0
BRDA:100,16,0,0
BRDA:100,16,1,0
BRDA:101,17,0,0
BRDA:101,17,1,0
BRDA:102,18,0,0
BRDA:102,18,1,0
BRDA:107,19,0,0
BRDA:107,19,1,0
BRDA:114,20,0,0
BRDA:114,20,1,0
BRDA:118,21,0,0
BRDA:118,21,1,0
BRDA:119,22,0,0
BRDA:119,22,1,0
BRDA:119,23,0,0
BRDA:119,23,1,0
BRDA:123,24,0,0
BRDA:123,24,1,0
BRDA:127,25,0,0
BRDA:127,25,1,0
BRDA:128,26,0,0
BRDA:128,26,1,0
BRDA:145,27,0,0
BRDA:145,27,1,0
BRDA:148,28,0,0
BRDA:148,28,1,0
BRDA:149,29,0,0
BRDA:149,29,1,0
BRDA:151,30,0,0
BRDA:151,30,1,0
BRDA:162,31,0,0
BRDA:162,31,1,0
BRDA:162,32,0,0
BRDA:162,32,1,0
BRDA:166,33,0,0
BRDA:166,33,1,0
BRDA:170,34,0,0
BRDA:170,34,1,0
BRDA:181,35,0,0
BRDA:181,35,1,0
BRDA:181,36,0,0
BRDA:181,36,1,0
BRDA:184,37,0,0
BRDA:184,37,1,0
BRDA:186,38,0,0
BRDA:186,38,1,0
BRDA:186,39,0,0
BRDA:186,39,1,0
BRDA:195,40,0,0
BRDA:195,40,1,0
BRDA:199,41,0,0
BRDA:199,41,1,0
BRDA:208,42,0,0
BRDA:208,42,1,0
BRDA:230,43,0,0
BRDA:230,43,1,0
BRDA:230,44,0,0
BRDA:230,44,1,0
BRDA:251,45,0,0
BRDA:253,46,0,0
BRDA:253,46,1,0
BRDA:253,46,2,0
BRDA:256,47,0,0
BRDA:256,47,1,0
BRDA:275,48,0,0
BRDA:275,48,1,0
BRDA:307,49,0,0
BRDA:307,49,1,0
BRDA:334,50,0,0
BRDA:334,50,1,0
BRDA:334,51,0,0
BRDA:334,51,1,0
BRDA:342,52,0,0
BRDA:342,52,1,0
BRDA:342,53,0,0
BRDA:342,53,1,0
BRF:108
BRH:0
end_of_record
TN:
SF:src/registry.js
FN:23,(anonymous_0)
FN:40,(anonymous_1)
FN:64,(anonymous_2)
FN:72,(anonymous_3)
FN:73,(anonymous_4)
FN:84,(anonymous_5)
FN:88,(anonymous_6)
FN:89,(anonymous_7)
FN:96,(anonymous_8)
FN:97,(anonymous_9)
FN:105,(anonymous_10)
FN:117,(anonymous_11)
FN:189,(anonymous_12)
FN:191,(anonymous_13)
FN:271,(anonymous_14)
FN:279,(anonymous_15)
FN:287,(anonymous_16)
FN:303,(anonymous_17)
FN:309,(anonymous_18)
FN:320,(anonymous_19)
FN:323,(anonymous_20)
FN:337,(anonymous_21)
FN:341,(anonymous_22)
FNF:23
FNH:0
FNDA:0,(anonymous_0)
FNDA:0,(anonymous_1)
FNDA:0,(anonymous_2)
FNDA:0,(anonymous_3)
FNDA:0,(anonymous_4)
FNDA:0,(anonymous_5)
FNDA:0,(anonymous_6)
FNDA:0,(anonymous_7)
FNDA:0,(anonymous_8)
FNDA:0,(anonymous_9)
FNDA:0,(anonymous_10)
FNDA:0,(anonymous_11)
FNDA:0,(anonymous_12)
FNDA:0,(anonymous_13)
FNDA:0,(anonymous_14)
FNDA:0,(anonymous_15)
FNDA:0,(anonymous_16)
FNDA:0,(anonymous_17)
FNDA:0,(anonymous_18)
FNDA:0,(anonymous_19)
FNDA:0,(anonymous_20)
FNDA:0,(anonymous_21)
FNDA:0,(anonymous_22)
DA:1,0
DA:2,0
DA:3,0
DA:4,0
DA:6,0
DA:7,0
DA:8,0
DA:10,0
DA:24,0
DA:25,0
DA:26,0
DA:27,0
DA:28,0
DA:29,0
DA:30,0
DA:31,0
DA:32,0
DA:33,0
DA:41,0
DA:44,0
DA:45,0
DA:46,0
DA:51,0
DA:52,0
DA:53,0
DA:56,0
DA:57,0
DA:65,0
DA:73,0
DA:85,0
DA:87,0
DA:88,0
DA:89,0
DA:97,0
DA:106,0
DA:107,0
DA:110,0
DA:111,0
DA:118,0
DA:119,0
DA:120,0
DA:122,0
DA:124,0
DA:127,0
DA:130,0
DA:131,0
DA:133,0
DA:138,0
DA:139,0
DA:151,0
DA:152,0
DA:153,0
DA:156,0
DA:158,0
DA:159,0
DA:160,0
DA:163,0
DA:164,0
DA:165,0
DA:167,0
DA:171,0
DA:172,0
DA:176,0
DA:177,0
DA:179,0
DA:183,0
DA:185,0
DA:190,0
DA:191,0
DA:192,0
DA:196,0
DA:197,0
DA:200,0
DA:203,0
DA:205,0
DA:206,0
DA:208,0
DA:210,0
DA:214,0
DA:215,0
DA:222,0
DA:225,0
DA:226,0
DA:229,0
DA:230,0
DA:234,0
DA:235,0
DA:240,0
DA:244,0
DA:245,0
DA:246,0
DA:250,0
DA:251,0
DA:252,0
DA:255,0
DA:256,0
DA:257,0
DA:261,0
DA:262,0
DA:263,0
DA:264,0
DA:266,0
DA:270,0
DA:271,0
DA:272,0
DA:280,0
DA:282,0
DA:283,0
DA:287,0
DA:290,0
DA:292,0
DA:293,0
DA:296,0
DA:300,0
DA:304,0
DA:305,0
DA:310,0
DA:311,0
DA:312,0
DA:313,0
DA:314,0
DA:319,0
DA:320,0
DA:322,0
DA:323,0
DA:324,0
DA:327,0
DA:328,0
DA:330,0
DA:333,0
DA:338,0
DA:339,0
DA:341,0
DA:346,0
DA:348,0
DA:353,0
LF:136
LH:0
BRDA:23,0,0,0
BRDA:28,1,0,0
BRDA:28,1,1,0
BRDA:30,2,0,0
BRDA:30,2,1,0
BRDA:31,3,0,0
BRDA:31,3,1,0
BRDA:45,4,0,0
BRDA:45,4,1,0
BRDA:45,5,0,0
BRDA:45,5,1,0
BRDA:85,6,0,0
BRDA:85,6,1,0
BRDA:106,7,0,0
BRDA:106,7,1,0
BRDA:110,8,0,0
BRDA:110,8,1,0
BRDA:122,9,0,0
BRDA:122,9,1,0
BRDA:140,10,0,0
BRDA:140,10,1,0
BRDA:151,11,0,0
BRDA:151,11,1,0
BRDA:158,12,0,0
BRDA:158,12,1,0
BRDA:158,13,0,0
BRDA:158,13,1,0
BRDA:158,13,2,0
BRDA:171,14,0,0
BRDA:171,14,1,0
BRDA:171,15,0,0
BRDA:171,15,1,0
BRDA:176,16,0,0
BRDA:176,16,1,0
BRDA:179,17,0,0
BRDA:179,17,1,0
BRDA:196,18,0,0
BRDA:196,18,1,0
BRDA:203,19,0,0
BRDA:203,19,1,0
BRDA:205,20,0,0
BRDA:205,20,1,0
BRDA:208,21,0,0
BRDA:208,21,1,0
BRDA:210,22,0,0
BRDA:210,22,1,0
BRDA:210,22,2,0
BRDA:210,22,3,0
BRDA:210,22,4,0
BRDA:210,22,5,0
BRDA:210,22,6,0
BRDA:210,22,7,0
BRDA:210,22,8,0
BRDA:234,23,0,0
BRDA:234,23,1,0
BRDA:237,24,0,0
BRDA:237,24,1,0
BRDA:244,25,0,0
BRDA:244,25,1,0
BRDA:245,26,0,0
BRDA:245,26,1,0
BRDA:250,27,0,0
BRDA:250,27,1,0
BRDA:251,28,0,0
BRDA:251,28,1,0
BRDA:262,29,0,0
BRDA:262,29,1,0
BRDA:263,30,0,0
BRDA:263,30,1,0
BRDA:271,31,0,0
BRDA:271,31,1,0
BRDA:282,32,0,0
BRDA:282,32,1,0
BRDA:282,33,0,0
BRDA:282,33,1,0
BRDA:290,34,0,0
BRDA:290,34,1,0
BRDA:292,35,0,0
BRDA:292,35,1,0
BRDA:300,36,0,0
BRDA:300,36,1,0
BRDA:304,37,0,0
BRDA:304,37,1,0
BRDA:311,38,0,0
BRDA:311,38,1,0
BRDA:313,39,0,0
BRDA:313,39,1,0
BRDA:313,40,0,0
BRDA:313,40,1,0
BRDA:319,41,0,0
BRDA:319,41,1,0
BRDA:322,42,0,0
BRDA:322,42,1,0
BRDA:327,43,0,0
BRDA:327,43,1,0
BRDA:327,44,0,0
BRDA:327,44,1,0
BRF:97
BRH:0
end_of_record
TN:
SF:src/retry.js
FN:65,extractErrorCode
FN:103,classifyError
FN:115,(anonymous_2)
FN:127,(anonymous_3)
FN:137,(anonymous_4)
FN:165,calculateDelay
FN:177,sleep
FN:178,(anonymous_7)
FN:198,withRetry
FN:308,retry
FN:313,(anonymous_10)
FN:320,isRetryableError
FN:328,isDuplicateTransactionError
FNF:13
FNH:0
FNDA:0,extractErrorCode
FNDA:0,classifyError
FNDA:0,(anonymous_2)
FNDA:0,(anonymous_3)
FNDA:0,(anonymous_4)
FNDA:0,calculateDelay
FNDA:0,sleep
FNDA:0,(anonymous_7)
FNDA:0,withRetry
FNDA:0,retry
FNDA:0,(anonymous_10)
FNDA:0,isRetryableError
FNDA:0,isDuplicateTransactionError
DA:4,0
DA:14,0
DA:34,0
DA:54,0
DA:66,0
DA:68,0
DA:69,0
DA:72,0
DA:73,0
DA:76,0
DA:77,0
DA:80,0
DA:81,0
DA:84,0
DA:90,0
DA:91,0
DA:95,0
DA:104,0
DA:106,0
DA:108,0
DA:109,0
DA:113,0
DA:116,0
DA:122,0
DA:125,0
DA:128,0
DA:132,0
DA:135,0
DA:138,0
DA:142,0
DA:145,0
DA:152,0
DA:155,0
DA:166,0
DA:167,0
DA:168,0
DA:169,0
DA:178,0
DA:181,0
DA:199,0
DA:201,0
DA:203,0
DA:204,0
DA:205,0
DA:206,0
DA:213,0
DA:214,0
DA:215,0
DA:221,0
DA:222,0
DA:223,0
DA:225,0
DA:235,0
DA:236,0
DA:247,0
DA:251,0
DA:262,0
DA:263,0
DA:264,0
DA:266,0
DA:277,0
DA:278,0
DA:279,0
DA:281,0
DA:282,0
DA:286,0
DA:309,0
DA:313,0
DA:321,0
DA:329,0
DA:332,0
LF:71
LH:0
BRDA:66,0,0,0
BRDA:66,0,1,0
BRDA:68,1,0,0
BRDA:68,1,1,0
BRDA:68,2,0,0
BRDA:68,2,1,0
BRDA:72,3,0,0
BRDA:72,3,1,0
BRDA:72,4,0,0
BRDA:72,4,1,0
BRDA:76,5,0,0
BRDA:76,5,1,0
BRDA:76,6,0,0
BRDA:76,6,1,0
BRDA:80,7,0,0
BRDA:80,7,1,0
BRDA:81,8,0,0
BRDA:81,8,1,0
BRDA:91,9,0,0
BRDA:91,9,1,0
BRDA:104,10,0,0
BRDA:104,10,1,0
BRDA:108,11,0,0
BRDA:108,11,1,0
BRDA:110,12,0,0
BRDA:110,12,1,0
BRDA:110,12,2,0
BRDA:110,12,3,0
BRDA:113,13,0,0
BRDA:113,13,1,0
BRDA:116,14,0,0
BRDA:116,14,1,0
BRDA:116,14,2,0
BRDA:116,14,3,0
BRDA:125,15,0,0
BRDA:125,15,1,0
BRDA:128,16,0,0
BRDA:128,16,1,0
BRDA:135,17,0,0
BRDA:135,17,1,0
BRDA:138,18,0,0
BRDA:138,18,1,0
BRDA:145,19,0,0
BRDA:145,19,1,0
BRDA:146,20,0,0
BRDA:146,20,1,0
BRDA:146,20,2,0
BRDA:146,20,3,0
BRDA:146,20,4,0
BRDA:182,21,0,0
BRDA:182,21,1,0
BRDA:183,22,0,0
BRDA:183,22,1,0
BRDA:184,23,0,0
BRDA:184,23,1,0
BRDA:198,24,0,0
BRDA:218,25,0,0
BRDA:218,25,1,0
BRDA:221,26,0,0
BRDA:221,26,1,0
BRDA:222,27,0,0
BRDA:222,27,1,0
BRDA:235,28,0,0
BRDA:235,28,1,0
BRDA:247,29,0,0
BRDA:247,29,1,0
BRDA:248,30,0,0
BRDA:248,30,1,0
BRDA:262,31,0,0
BRDA:262,31,1,0
BRDA:263,32,0,0
BRDA:263,32,1,0
BRDA:278,33,0,0
BRDA:278,33,1,0
BRDA:296,34,0,0
BRDA:296,34,1,0
BRDA:308,35,0,0
BRDA:308,36,0,0
BRF:78
BRH:0
end_of_record
